<!DOCTYPE HTML PUBLIC "-//W3C//DTD HTML 4.01 Transitional//EN" "http://www.w3.org/TR/html4/loose.dtd">
<HTML
><HEAD
><TITLE
>使用EXPLAIN</TITLE
><META
NAME="GENERATOR"
CONTENT="Modular DocBook HTML Stylesheet Version 1.79"><LINK
REV="MADE"
HREF="mailto:pgsql-docs@postgresql.org"><LINK
REL="HOME"
TITLE="PostgreSQL 9.6.0 手册"
HREF="index.html"><LINK
REL="UP"
TITLE="性能提示"
HREF="performance-tips.html"><LINK
REL="PREVIOUS"
TITLE="性能提示"
HREF="performance-tips.html"><LINK
REL="NEXT"
TITLE="规划器使用的统计信息"
HREF="planner-stats.html"><LINK
REL="STYLESHEET"
TYPE="text/css"
HREF="stylesheet.css"><META
HTTP-EQUIV="Content-Type"
CONTENT="text/html; charset=utf-8"><META
NAME="creation"
CONTENT="2017-12-17T04:56:33"></HEAD
><BODY
CLASS="SECT1"
>
<div style="text-align:right">
<a style="margin : 0px 0px 0px 10px;" href="https://github.com/postgres-cn/pgdoc-cn/issues/new" target="_blank" title="在Github上报告问题（请注明问题内容及所在章节）">问题报告</a>
<a style="margin : 0px 0px 0px 10px;" href="https://github.com/postgres-cn/pgdoc-cn/edit/9.6/postgresql/doc/src/sgml/perform.sgml" target="_blank" 
title="直接在Github上纠错本页面">纠错本页面</a>
</div>
<DIV
CLASS="NAVHEADER"
><TABLE
SUMMARY="Header navigation table"
WIDTH="100%"
BORDER="0"
CELLPADDING="0"
CELLSPACING="0"
><TR
><TH
COLSPAN="4"
ALIGN="center"
VALIGN="bottom"
><A
HREF="index.html"
>PostgreSQL 9.6.0 手册</A
></TH
></TR
><TR
><TD
WIDTH="10%"
ALIGN="left"
VALIGN="top"
><A
TITLE="性能提示"
HREF="performance-tips.html"
ACCESSKEY="P"
>&#19978;&#19968;&#39029;</A
></TD
><TD
WIDTH="10%"
ALIGN="left"
VALIGN="top"
><A
HREF="performance-tips.html"
ACCESSKEY="U"
>&#19978;&#19968;&#32423;</A
></TD
><TD
WIDTH="60%"
ALIGN="center"
VALIGN="bottom"
>&#31456; 14. 性能提示</TD
><TD
WIDTH="20%"
ALIGN="right"
VALIGN="top"
><A
TITLE="规划器使用的统计信息"
HREF="planner-stats.html"
ACCESSKEY="N"
>&#19979;&#19968;&#39029;</A
></TD
></TR
></TABLE
><HR
ALIGN="LEFT"
WIDTH="100%"></DIV
><DIV
CLASS="SECT1"
><H1
CLASS="SECT1"
><A
NAME="USING-EXPLAIN"
>14.1. 使用<TT
CLASS="COMMAND"
>EXPLAIN</TT
></A
></H1
><P
>    <SPAN
CLASS="PRODUCTNAME"
>PostgreSQL</SPAN
>为每个收到查询产生一个<I
CLASS="FIRSTTERM"
>查询计划</I
>。 选择正确的计划来匹配查询结构和数据的属性对于好的性能来说绝对是最关键的，因此系统包含了一个复杂的<I
CLASS="FIRSTTERM"
>规划器</I
>来尝试选择好的计划。 你可以使用<A
HREF="sql-explain.html"
>EXPLAIN</A
>命令察看规划器为任何查询生成的查询计划。 阅读查询计划是一门艺术，它要求一些经验来掌握，但是本节只试图覆盖一些基础。
   </P
><P
>    本节中的例子都是从 9.3 开发源代码的回归测试数据库中抽取出来的，并且在此之前做过一次<TT
CLASS="COMMAND"
>VACUUM ANALYZE</TT
>。你应该能够在自己尝试这些例子时得到相似的结果，但是你的估计代价和行计数可能会小幅变化，因为<TT
CLASS="COMMAND"
>ANALYZE</TT
>的统计信息是随机采样而不是精确值，并且代价也与平台有某种程度的相关性。
   </P
><P
>    这些例子使用<TT
CLASS="COMMAND"
>EXPLAIN</TT
>的默认<SPAN
CLASS="QUOTE"
>"text"</SPAN
>输出格式，这种格式紧凑并且便于人类阅读。如果你想把<TT
CLASS="COMMAND"
>EXPLAIN</TT
>的输出交给一个程序做进一步分析，你应该使用它的某种机器可读的输出格式（XML、JSON 或 YAML）。
   </P
><DIV
CLASS="SECT2"
><H2
CLASS="SECT2"
><A
NAME="USING-EXPLAIN-BASICS"
>14.1.1. <TT
CLASS="COMMAND"
>EXPLAIN</TT
>基础</A
></H2
><P
>    查询计划的结构是一个<I
CLASS="FIRSTTERM"
>计划结点</I
>的树。最底层的结点是扫描结点：它们从表中返回未经处理的行。 不同的表访问模式有不同的扫描结点类型：顺序扫描、索引扫描、位图索引扫描。 也还有不是表的行来源，例如<TT
CLASS="LITERAL"
>VALUES</TT
>子句和<TT
CLASS="LITERAL"
>FROM</TT
>中返回集合的函数，它们有自己的结点类型。如果查询需要连接、聚集、排序、或者在未经处理的行上的其它操作，那么就会在扫描结点之上有其它额外的结点来执行这些操作。 并且，做这些操作通常都有多种方法，因此在这些位置也有可能出现不同的结点类型。 <TT
CLASS="COMMAND"
>EXPLAIN</TT
>给计划树中每个结点都输出一行，显示基本的结点类型和计划器为该计划结点的执行所做的开销估计。 第一行（最上层的结点）是对该计划的总执行开销的估计；计划器试图最小化的就是这个数字。
   </P
><P
>    这里是一个简单的例子，只是用来显示输出看起来是什么样的：

</P><PRE
CLASS="SCREEN"
>EXPLAIN SELECT * FROM tenk1;

                         QUERY PLAN
-------------------------------------------------------------
 Seq Scan on tenk1  (cost=0.00..458.00 rows=10000 width=244)</PRE
><P>
   </P
><P
>    由于这个查询没有<TT
CLASS="LITERAL"
>WHERE</TT
>子句，它必须扫描表中的所有行，因此计划器只能选择使用一个简单的顺序扫描计划。被包含在圆括号中的数字是（从左至右）：

    <P
></P
></P><UL
><LI
><P
>       估计的启动开销。在输出阶段可以开始之前消耗的时间，例如在一个排序结点里执行排序的时间。
      </P
></LI
><LI
><P
>       估计的总开销。这个估计值基于的假设是计划结点会被运行到完成，即所有可用的行都被检索。不过实际上一个结点的父结点可能很快停止读所有可用的行（见下面的<TT
CLASS="LITERAL"
>LIMIT</TT
>例子）。
      </P
></LI
><LI
><P
>       这个计划结点输出行数的估计值。同样，也假定该结点能运行到完成。
      </P
></LI
><LI
><P
>       预计这个计划结点输出的行平均宽度（以字节计算）。
      </P
></LI
></UL
><P>
   </P
><P
>    开销是用规划器的开销参数（参见<A
HREF="runtime-config-query.html#RUNTIME-CONFIG-QUERY-CONSTANTS"
>第 19.7.2 &#33410;</A
>）所决定的捏造单位来衡量的。传统上以取磁盘页面为单位来度量开销； 也就是<A
HREF="runtime-config-query.html#GUC-SEQ-PAGE-COST"
>seq_page_cost</A
>将被按照习惯设为<TT
CLASS="LITERAL"
>1.0</TT
>，其它开销参数将相对于它来设置。 本节的例子都假定这些参数使用默认值。
   </P
><P
>    有一点很重要：一个上层结点的开销包括它的所有子结点的开销。还有一点也很重要：这个开销只反映规划器关心的东西。特别是这个开销没有考虑结果行传递给客户端所花费的时间，这个时间可能是实际花费时间中的一个重要因素；但是它被规划器忽略了，因为它无法通过修改计划来改变（我们相信，每个正确的计划都将输出同样的行集）。
   </P
><P
>    <TT
CLASS="LITERAL"
>行数</TT
>值有一些小技巧，因为它不是计划结点处理或扫描过的行数，而是该结点发出的行数。这通常比被扫描的行数少一些， 因为有些被扫描的行会被应用于此结点上的任意<TT
CLASS="LITERAL"
>WHERE</TT
>子句条件过滤掉。 理想中顶层的行估计会接近于查询实际返回、更新、删除的行数。
   </P
><P
>    回到我们的例子：

</P><PRE
CLASS="SCREEN"
>EXPLAIN SELECT * FROM tenk1;

                         QUERY PLAN
-------------------------------------------------------------
 Seq Scan on tenk1  (cost=0.00..458.00 rows=10000 width=244)</PRE
><P>
   </P
><P
>    这些数字的产生非常直接。如果你执行：

</P><PRE
CLASS="PROGRAMLISTING"
>SELECT relpages, reltuples FROM pg_class WHERE relname = 'tenk1';</PRE
><P>

    你会发现<CODE
CLASS="CLASSNAME"
>tenk1</CODE
>有358个磁盘页面和10000行。 开销被计算为 （页面读取数*<A
HREF="runtime-config-query.html#GUC-SEQ-PAGE-COST"
>seq_page_cost</A
>）+（扫描的行数*<A
HREF="runtime-config-query.html#GUC-CPU-TUPLE-COST"
>cpu_tuple_cost</A
>）。默认情况下，<TT
CLASS="VARNAME"
>seq_page_cost</TT
>是1.0，<TT
CLASS="VARNAME"
>cpu_tuple_cost</TT
>是0.01， 因此估计的开销是 (358 * 1.0) + (10000 * 0.01) = 458。
   </P
><P
>    现在让我们修改查询并增加一个<TT
CLASS="LITERAL"
>WHERE</TT
>条件：

</P><PRE
CLASS="SCREEN"
>EXPLAIN SELECT * FROM tenk1 WHERE unique1 &lt; 7000;

                         QUERY PLAN
------------------------------------------------------------
 Seq Scan on tenk1  (cost=0.00..483.00 rows=7001 width=244)
   Filter: (unique1 &lt; 7000)</PRE
><P>

    请注意<TT
CLASS="COMMAND"
>EXPLAIN</TT
>输出显示<TT
CLASS="LITERAL"
>WHERE</TT
>子句被当做一个<SPAN
CLASS="QUOTE"
>"过滤器"</SPAN
>条件附加到顺序扫描计划结点。 这意味着该计划结点为它扫描的每一行检查该条件，并且只输出通过该条件的行。因为<TT
CLASS="LITERAL"
>WHERE</TT
>子句的存在，估计的输出行数降低了。不过，扫描仍将必须访问所有 10000 行，因此开销没有被降低；实际上开销还有所上升（准确来说，上升了 10000 * <A
HREF="runtime-config-query.html#GUC-CPU-OPERATOR-COST"
>cpu_operator_cost</A
>）以反映检查<TT
CLASS="LITERAL"
>WHERE</TT
>条件所花费的额外 CPU 时间。
   </P
><P
>    这条查询实际选择的行数是 7000，但是估计的<TT
CLASS="LITERAL"
>行数</TT
>只是个近似值。如果你尝试重复这个试验，那么你很可能得到略有不同的估计。 此外，这个估计会在每次<TT
CLASS="COMMAND"
>ANALYZE</TT
>命令之后改变， 因为<TT
CLASS="COMMAND"
>ANALYZE</TT
>生成的统计数据是从该表中随机采样计算的。
   </P
><P
>    现在，让我们把条件变得更严格：

</P><PRE
CLASS="SCREEN"
>EXPLAIN SELECT * FROM tenk1 WHERE unique1 &lt; 100;

                                  QUERY PLAN
------------------------------------------------------------------------------
 Bitmap Heap Scan on tenk1  (cost=5.07..229.20 rows=101 width=244)
   Recheck Cond: (unique1 &lt; 100)
   -&gt;  Bitmap Index Scan on tenk1_unique1  (cost=0.00..5.04 rows=101 width=0)
         Index Cond: (unique1 &lt; 100)</PRE
><P>

    这里，规划器决定使用一个两步的计划：子计划结点访问访问一个索引来找出匹配索引条件的行的位置，然后上层计划结点实际地从表中取出那些行。独立地抓取行比顺序地读取它们的开销高很多，但是不是所有的表页面都被访问，这么做实际上仍然比一次顺序扫描开销要少（使用两层计划的原因是因为上层规划结点把索引标识出来的行位置在读取之前按照物理位置排序，这样可以最小化单独抓取的开销。结点名称里面提到的<SPAN
CLASS="QUOTE"
>"位图"</SPAN
>是执行该排序的机制）。
   </P
><P
>    现在让我们给<TT
CLASS="LITERAL"
>WHERE</TT
>子句增加另一个条件：

</P><PRE
CLASS="SCREEN"
>EXPLAIN SELECT * FROM tenk1 WHERE unique1 &lt; 100 AND stringu1 = 'xxx';

                                  QUERY PLAN
------------------------------------------------------------------------------
 Bitmap Heap Scan on tenk1  (cost=5.04..229.43 rows=1 width=244)
   Recheck Cond: (unique1 &lt; 100)
   Filter: (stringu1 = 'xxx'::name)
   -&gt;  Bitmap Index Scan on tenk1_unique1  (cost=0.00..5.04 rows=101 width=0)
         Index Cond: (unique1 &lt; 100)</PRE
><P>

    新增的条件<TT
CLASS="LITERAL"
>stringu1 = 'xxx'</TT
>减少了估计的输出行计数， 但是没有减少开销，因为我们仍然需要访问相同的行集合。 请注意，<TT
CLASS="LITERAL"
>stringu1</TT
>子句不能被应用为一个索引条件，因为这个索引只是在<TT
CLASS="LITERAL"
>unique1</TT
>列上。 它被用来过滤从索引中检索出的行。因此开销实际上略微增加了一些以反映这个额外的检查。
   </P
><P
>    在某些情况下规划器将更倾向于一个<SPAN
CLASS="QUOTE"
>"simple"</SPAN
>索引扫描计划：

</P><PRE
CLASS="SCREEN"
>EXPLAIN SELECT * FROM tenk1 WHERE unique1 = 42;

                                 QUERY PLAN
-----------------------------------------------------------------------------
 Index Scan using tenk1_unique1 on tenk1  (cost=0.29..8.30 rows=1 width=244)
   Index Cond: (unique1 = 42)</PRE
><P>

    在这类计划中，表行被按照索引顺序取得，这使得读取它们开销更高，但是其中有一些是对行位置排序的额外开销。你很多时候将在只取得一个单一行的查询中看到这种计划类型。它也经常被用于拥有匹配索引顺序的<TT
CLASS="LITERAL"
>ORDER BY</TT
>子句的查询中，因为那样就不需要额外的排序步骤来满足<TT
CLASS="LITERAL"
>ORDER BY</TT
>。
   </P
><P
>    如果在<TT
CLASS="LITERAL"
>WHERE</TT
>引用的多个行上有独立的索引，规划器可能会选择使用这些索引的一个 AND 或 OR 组合：

</P><PRE
CLASS="SCREEN"
>EXPLAIN SELECT * FROM tenk1 WHERE unique1 &lt; 100 AND unique2 &gt; 9000;

                                     QUERY PLAN
-------------------------------------------------------------------------------------
 Bitmap Heap Scan on tenk1  (cost=25.08..60.21 rows=10 width=244)
   Recheck Cond: ((unique1 &lt; 100) AND (unique2 &gt; 9000))
   -&gt;  BitmapAnd  (cost=25.08..25.08 rows=10 width=0)
         -&gt;  Bitmap Index Scan on tenk1_unique1  (cost=0.00..5.04 rows=101 width=0)
               Index Cond: (unique1 &lt; 100)
         -&gt;  Bitmap Index Scan on tenk1_unique2  (cost=0.00..19.78 rows=999 width=0)
               Index Cond: (unique2 &gt; 9000)</PRE
><P>

    但是这要求访问两个索引，所以与只使用一个索引并把其他条件作为过滤器相比，它不一定能胜出。如果你变动涉及到的范围，你将看到计划也会相应改变。
   </P
><P
>    下面是一个例子，它展示了<TT
CLASS="LITERAL"
>LIMIT</TT
>的效果：

</P><PRE
CLASS="SCREEN"
>EXPLAIN SELECT * FROM tenk1 WHERE unique1 &lt; 100 AND unique2 &gt; 9000 LIMIT 2;

                                     QUERY PLAN
-------------------------------------------------------------------------------------
 Limit  (cost=0.29..14.48 rows=2 width=244)
   -&gt;  Index Scan using tenk1_unique2 on tenk1  (cost=0.29..71.27 rows=10 width=244)
         Index Cond: (unique2 &gt; 9000)
         Filter: (unique1 &lt; 100)</PRE
><P>
   </P
><P
>    这是和上面相同的查询，但是我们增加了一个<TT
CLASS="LITERAL"
>LIMIT</TT
>这样不是所有的行都需要被检索，并且规划器改变了它的决定。注意索引扫描结点的总开销和行计数显示出好像它会被运行到完成。但是，限制结点在检索到这些行的五分之一后就会停止，因此它的总开销只是索引扫描结点的五分之一，并且这是查询的实际估计开销。之所以用这个计划而不是在之前的计划上增加一个限制结点是因为限制无法避免在位图扫描上花费启动开销，因此总开销会是超过那种方法（25个单位）的某个值。
   </P
><P
>    让我们尝试连接两个表，使用我们已经讨论过的列：

</P><PRE
CLASS="SCREEN"
>EXPLAIN SELECT *
FROM tenk1 t1, tenk2 t2
WHERE t1.unique1 &lt; 10 AND t1.unique2 = t2.unique2;

                                      QUERY PLAN
--------------------------------------------------------------------------------------
 Nested Loop  (cost=4.65..118.62 rows=10 width=488)
   -&gt;  Bitmap Heap Scan on tenk1 t1  (cost=4.36..39.47 rows=10 width=244)
         Recheck Cond: (unique1 &lt; 10)
         -&gt;  Bitmap Index Scan on tenk1_unique1  (cost=0.00..4.36 rows=10 width=0)
               Index Cond: (unique1 &lt; 10)
   -&gt;  Index Scan using tenk2_unique2 on tenk2 t2  (cost=0.29..7.91 rows=1 width=244)
         Index Cond: (unique2 = t1.unique2)</PRE
><P>
   </P
><P
>    在这个计划中，我们有一个嵌套循环连接结点，它有两个表扫描作为输入或子结点。该结点的摘要行的缩进反映了计划树的结构。连接的第一个（或<SPAN
CLASS="QUOTE"
>"outer"</SPAN
>）子结点是一个与前面见到的相似的位图扫描。它的开销和行计数与我们从<TT
CLASS="LITERAL"
>SELECT ... WHERE unique1 &lt; 10</TT
>得到的相同，因为我们将<TT
CLASS="LITERAL"
>WHERE</TT
>子句<TT
CLASS="LITERAL"
>unique1 &lt; 10</TT
>用在了那个结点上。<TT
CLASS="LITERAL"
>t1.unique2 = t2.unique2</TT
>子句现在还不相关，因此它不影响 outer 扫描的行计数。嵌套循环连接结点将为从 outer  子结点得到的每一行运行它的第二个（或<SPAN
CLASS="QUOTE"
>"inner"</SPAN
>）子结点。当前 outer 行的列值可以被插入 inner 扫描。这里，来自 outer 行的<TT
CLASS="LITERAL"
>t1.unique2</TT
>值是可用的，所以我们得到的计划和开销与前面见到的简单<TT
CLASS="LITERAL"
>SELECT ... WHERE t2.unique2 = <TT
CLASS="REPLACEABLE"
><I
>constant</I
></TT
></TT
>情况相似（估计的开销实际上比前面看到的略低，是因为在<TT
CLASS="LITERAL"
>t2</TT
>上的重复索引扫描会利用到高速缓存）。循环结点的开销则被以 outer 扫描的开销为基础设置，外加对每一个 outer 行都要进行一次 inner 扫描 （10 * 7.87），再加上用于连接处理一点 CPU 时间。
   </P
><P
>    在这个例子里，连接的输出行计数等于两个扫描的行计数的乘积，但通常并不是所有的情况中都如此， 因为可能有同时提及两个表的 额外<TT
CLASS="LITERAL"
>WHERE</TT
>子句，并且因此它只能被应用于连接点，而不能影响任何一个输入扫描。这里是一个例子：

</P><PRE
CLASS="SCREEN"
>EXPLAIN SELECT *
FROM tenk1 t1, tenk2 t2
WHERE t1.unique1 &lt; 10 AND t2.unique2 &lt; 10 AND t1.hundred &lt; t2.hundred;

                                         QUERY PLAN
---------------------------------------------------------------------------------------------
 Nested Loop  (cost=4.65..49.46 rows=33 width=488)
   Join Filter: (t1.hundred &lt; t2.hundred)
   -&gt;  Bitmap Heap Scan on tenk1 t1  (cost=4.36..39.47 rows=10 width=244)
         Recheck Cond: (unique1 &lt; 10)
         -&gt;  Bitmap Index Scan on tenk1_unique1  (cost=0.00..4.36 rows=10 width=0)
               Index Cond: (unique1 &lt; 10)
   -&gt;  Materialize  (cost=0.29..8.51 rows=10 width=244)
         -&gt;  Index Scan using tenk2_unique2 on tenk2 t2  (cost=0.29..8.46 rows=10 width=244)
               Index Cond: (unique2 &lt; 10)</PRE
><P>

    条件<TT
CLASS="LITERAL"
>t1.hundred &lt; t2.hundred</TT
>不能在<TT
CLASS="LITERAL"
>tenk2_unique2</TT
>索引中被测试，因此它被应用在连接结点。这缩减了连接结点的估计输出行计数，但是没有改变任何输入扫描。
   </P
><P
>    注意这里规划器选择了<SPAN
CLASS="QUOTE"
>"物化"</SPAN
>连接的 inner 关系，方法是在它的上方放了一个物化计划结点。这意味着<TT
CLASS="LITERAL"
>t2</TT
>索引扫描将只被做一次，即使嵌套循环连接结点需要读取其数据十次（每个来自 outer 关系的行都要读一次）。物化结点在读取数据时将它保存在内存中，然后在每一次后续执行时从内存返回数据。
   </P
><P
>    在处理外连接时，你可能会看到连接计划结点同时附加有<SPAN
CLASS="QUOTE"
>"连接过滤器"</SPAN
>和普通<SPAN
CLASS="QUOTE"
>"过滤器"</SPAN
>条件。连接过滤器条件来自于外连接的<TT
CLASS="LITERAL"
>ON</TT
>子句，因此一个无法通过连接过滤器条件的行也能够作为一个空值扩展的行被发出。但是一个普通过滤器条件被应用在外连接条件之后并且因此无条件移除行。在一个内连接中这两种过滤器类型没有语义区别。
   </P
><P
>    如果我们把查询的选择度改变一点，我们可能得到一个非常不同的连接计划：

</P><PRE
CLASS="SCREEN"
>EXPLAIN SELECT *
FROM tenk1 t1, tenk2 t2
WHERE t1.unique1 &lt; 100 AND t1.unique2 = t2.unique2;

                                        QUERY PLAN
------------------------------------------------------------------------------------------
 Hash Join  (cost=230.47..713.98 rows=101 width=488)
   Hash Cond: (t2.unique2 = t1.unique2)
   -&gt;  Seq Scan on tenk2 t2  (cost=0.00..445.00 rows=10000 width=244)
   -&gt;  Hash  (cost=229.20..229.20 rows=101 width=244)
         -&gt;  Bitmap Heap Scan on tenk1 t1  (cost=5.07..229.20 rows=101 width=244)
               Recheck Cond: (unique1 &lt; 100)
               -&gt;  Bitmap Index Scan on tenk1_unique1  (cost=0.00..5.04 rows=101 width=0)
                     Index Cond: (unique1 &lt; 100)</PRE
><P>
   </P
><P
>    这里规划器选择了使用一个哈希连接，在其中一个表的行被放入一个内存哈希表，在这之后其他表被扫描并且为每一行查找哈希表来寻找匹配。同样要注意缩进是如何反映计划结构的：<TT
CLASS="LITERAL"
>tenk1</TT
>上的位图扫描是哈希结点的输入，哈希结点会构造哈希表。然后哈希表会返回给哈希连接结点，哈希连接结点将从它的 outer 子计划读取行，并为每一个行搜索哈希表。
   </P
><P
>    另一种可能的连接类型是一个归并连接，如下所示：

</P><PRE
CLASS="SCREEN"
>EXPLAIN SELECT *
FROM tenk1 t1, onek t2
WHERE t1.unique1 &lt; 100 AND t1.unique2 = t2.unique2;

                                        QUERY PLAN
------------------------------------------------------------------------------------------
 Merge Join  (cost=198.11..268.19 rows=10 width=488)
   Merge Cond: (t1.unique2 = t2.unique2)
   -&gt;  Index Scan using tenk1_unique2 on tenk1 t1  (cost=0.29..656.28 rows=101 width=244)
         Filter: (unique1 &lt; 100)
   -&gt;  Sort  (cost=197.83..200.33 rows=1000 width=244)
         Sort Key: t2.unique2
         -&gt;  Seq Scan on onek t2  (cost=0.00..148.00 rows=1000 width=244)</PRE
><P>
   </P
><P
>    归并连接要求它的输入数据被按照连接键排序。在这个计划中，<TT
CLASS="LITERAL"
>tenk1</TT
>数据被使用一个索引扫描排序，以便能够按照正确的顺序来访问行。但是对于<TT
CLASS="LITERAL"
>onek</TT
>则更倾向于一个顺序扫描和排序，因为在那个表中有更多行需要被访问（对于很多行的排序，顺序扫描加排序常常比一个索引扫描好，因为索引扫描需要非顺序的磁盘访问）。
   </P
><P
>    一种查看变体计划的方法是强制规划器丢弃它认为开销最低的任何策略，这可以使用<A
HREF="runtime-config-query.html#RUNTIME-CONFIG-QUERY-ENABLE"
>第 19.7.1 &#33410;</A
>中描述的启用/禁用标志实现（这是一个野蛮的工具，但是很有用。另见<A
HREF="explicit-joins.html"
>第 14.3 &#33410;</A
>）。例如，如果我们并不认同在前面的例子中顺序扫描加排序是处理表<TT
CLASS="LITERAL"
>onek</TT
>的最佳方法，我们可以尝试：

</P><PRE
CLASS="SCREEN"
>SET enable_sort = off;

EXPLAIN SELECT *
FROM tenk1 t1, onek t2
WHERE t1.unique1 &lt; 100 AND t1.unique2 = t2.unique2;

                                        QUERY PLAN
------------------------------------------------------------------------------------------
 Merge Join  (cost=0.56..292.65 rows=10 width=488)
   Merge Cond: (t1.unique2 = t2.unique2)
   -&gt;  Index Scan using tenk1_unique2 on tenk1 t1  (cost=0.29..656.28 rows=101 width=244)
         Filter: (unique1 &lt; 100)
   -&gt;  Index Scan using onek_unique2 on onek t2  (cost=0.28..224.79 rows=1000 width=244)</PRE
><P>

    这显示规划器认为用索引扫描来排序<TT
CLASS="LITERAL"
>onek</TT
>的开销要比用顺序扫描加排序的方式高大约12%。当然，下一个问题是是否真的是这样。我们可以通过使用<TT
CLASS="COMMAND"
>EXPLAIN ANALYZE</TT
>来仔细研究一下，如下文所述。
   </P
></DIV
><DIV
CLASS="SECT2"
><H2
CLASS="SECT2"
><A
NAME="USING-EXPLAIN-ANALYZE"
>14.1.2. <TT
CLASS="COMMAND"
>EXPLAIN ANALYZE</TT
></A
></H2
><P
>    可以通过使用<TT
CLASS="COMMAND"
>EXPLAIN</TT
>的<TT
CLASS="LITERAL"
>ANALYZE</TT
>选项来检查规划器估计值的准确性。通过使用这个选项，<TT
CLASS="COMMAND"
>EXPLAIN</TT
>会实际执行该查询，然后显示真实的行计数和在每个计划结点中累计的真实运行时间，还会有一个普通<TT
CLASS="COMMAND"
>EXPLAIN</TT
>显示的估计值。例如，我们可能得到这样一个结果：

</P><PRE
CLASS="SCREEN"
>EXPLAIN ANALYZE SELECT *
FROM tenk1 t1, tenk2 t2
WHERE t1.unique1 &lt; 10 AND t1.unique2 = t2.unique2;

                                                           QUERY PLAN
---------------------------------------------------------------------------------------------------------------------------------
 Nested Loop  (cost=4.65..118.62 rows=10 width=488) (actual time=0.128..0.377 rows=10 loops=1)
   -&gt;  Bitmap Heap Scan on tenk1 t1  (cost=4.36..39.47 rows=10 width=244) (actual time=0.057..0.121 rows=10 loops=1)
         Recheck Cond: (unique1 &lt; 10)
         -&gt;  Bitmap Index Scan on tenk1_unique1  (cost=0.00..4.36 rows=10 width=0) (actual time=0.024..0.024 rows=10 loops=1)
               Index Cond: (unique1 &lt; 10)
   -&gt;  Index Scan using tenk2_unique2 on tenk2 t2  (cost=0.29..7.91 rows=1 width=244) (actual time=0.021..0.022 rows=1 loops=10)
         Index Cond: (unique2 = t1.unique2)
 Planning time: 0.181 ms
 Execution time: 0.501 ms</PRE
><P>

    注意<SPAN
CLASS="QUOTE"
>"actual time"</SPAN
>值是以毫秒计的真实时间，而<TT
CLASS="LITERAL"
>cost</TT
>估计值被以捏造的单位表示，因此它们不大可能匹配上。在这里面要查看的最重要的一点是估计的行计数是否合理地接近实际值。在这个例子中，估计值都是完全正确的，但是在实际中非常少见。
   </P
><P
>    在某些查询计划中，可以多次执行一个子计划结点。例如，inner 索引扫描可能会因为上层嵌套循环计划中的每一个 outer 行而被执行一次。在这种情况下，<TT
CLASS="LITERAL"
>loops</TT
>值报告了执行该结点的总次数，并且 actual time 和行数值是这些执行的平均值。这是为了让这些数字能够与开销估计被显示的方式有可比性。将这些值乘上<TT
CLASS="LITERAL"
>loops</TT
>值可以得到在该结点中实际消耗的总时间。在上面的例子中，我们在执行<TT
CLASS="LITERAL"
>tenk2</TT
>的索引扫描上花费了总共 0.220 毫秒。
   </P
><P
>    在某些情况中，<TT
CLASS="COMMAND"
>EXPLAIN ANALYZE</TT
>会显示计划结点执行时间和行计数之外的额外执行统计信息。例如，排序和哈希结点提供额外的信息：

</P><PRE
CLASS="SCREEN"
>EXPLAIN ANALYZE SELECT *
FROM tenk1 t1, tenk2 t2
WHERE t1.unique1 &lt; 100 AND t1.unique2 = t2.unique2 ORDER BY t1.fivethous;

                                                                 QUERY PLAN
--------------------------------------------------------------------------------------------------------------------------------------------
 Sort  (cost=717.34..717.59 rows=101 width=488) (actual time=7.761..7.774 rows=100 loops=1)
   Sort Key: t1.fivethous
   Sort Method: quicksort  Memory: 77kB
   -&gt;  Hash Join  (cost=230.47..713.98 rows=101 width=488) (actual time=0.711..7.427 rows=100 loops=1)
         Hash Cond: (t2.unique2 = t1.unique2)
         -&gt;  Seq Scan on tenk2 t2  (cost=0.00..445.00 rows=10000 width=244) (actual time=0.007..2.583 rows=10000 loops=1)
         -&gt;  Hash  (cost=229.20..229.20 rows=101 width=244) (actual time=0.659..0.659 rows=100 loops=1)
               Buckets: 1024  Batches: 1  Memory Usage: 28kB
               -&gt;  Bitmap Heap Scan on tenk1 t1  (cost=5.07..229.20 rows=101 width=244) (actual time=0.080..0.526 rows=100 loops=1)
                     Recheck Cond: (unique1 &lt; 100)
                     -&gt;  Bitmap Index Scan on tenk1_unique1  (cost=0.00..5.04 rows=101 width=0) (actual time=0.049..0.049 rows=100 loops=1)
                           Index Cond: (unique1 &lt; 100)
 Planning time: 0.194 ms
 Execution time: 8.008 ms</PRE
><P>

    排序结点显示使用的排序方法（尤其是，排序是在内存中还是磁盘上进行）和需要的内存或磁盘空间量。哈希结点显示了哈希桶的数量和批数，以及被哈希表所使用的内存量的峰值（如果批数超过一，也将会涉及到磁盘空间使用，但是并没有被显示）。
   </P
><P
>    另一种类型的额外信息是被一个过滤器条件移除的行数：

</P><PRE
CLASS="SCREEN"
>EXPLAIN ANALYZE SELECT * FROM tenk1 WHERE ten &lt; 7;

                                               QUERY PLAN
---------------------------------------------------------------------------------------------------------
 Seq Scan on tenk1  (cost=0.00..483.00 rows=7000 width=244) (actual time=0.016..5.107 rows=7000 loops=1)
   Filter: (ten &lt; 7)
   Rows Removed by Filter: 3000
 Planning time: 0.083 ms
 Execution time: 5.905 ms</PRE
><P>

    这些值对于被应用在连接结点上的过滤器条件特别有价值。只有在至少有一个被扫描行或者在连接结点中一个可能的连接对被过滤器条件拒绝时，<SPAN
CLASS="QUOTE"
>"Rows Removed"</SPAN
>行才会出现。
   </P
><P
>    一个与过滤器条件相似的情况出现在<SPAN
CLASS="QUOTE"
>"有损"</SPAN
>索引扫描中。例如，考虑这个查询，它搜索包含一个指定点的多边形：

</P><PRE
CLASS="SCREEN"
>EXPLAIN ANALYZE SELECT * FROM polygon_tbl WHERE f1 @&gt; polygon '(0.5,2.0)';

                                              QUERY PLAN
------------------------------------------------------------------------------------------------------
 Seq Scan on polygon_tbl  (cost=0.00..1.05 rows=1 width=32) (actual time=0.044..0.044 rows=0 loops=1)
   Filter: (f1 @&gt; '((0.5,2))'::polygon)
   Rows Removed by Filter: 4
 Planning time: 0.040 ms
 Execution time: 0.083 ms</PRE
><P>

    规划器认为（非常正确）这个采样表太小不值得劳烦一次索引扫描，因此我们得到了一个普通的顺序扫描，其中的所有行都被过滤器条件拒绝。但是如果我们强制使得一次索引扫描可以被使用，我们看到：

</P><PRE
CLASS="SCREEN"
>SET enable_seqscan TO off;

EXPLAIN ANALYZE SELECT * FROM polygon_tbl WHERE f1 @&gt; polygon '(0.5,2.0)';

                                                        QUERY PLAN
--------------------------------------------------------------------------------------------------------------------------
 Index Scan using gpolygonind on polygon_tbl  (cost=0.13..8.15 rows=1 width=32) (actual time=0.062..0.062 rows=0 loops=1)
   Index Cond: (f1 @&gt; '((0.5,2))'::polygon)
   Rows Removed by Index Recheck: 1
 Planning time: 0.034 ms
 Execution time: 0.144 ms</PRE
><P>

    这里我们可以看到索引返回一个候选行，然后它会被索引条件的重新检查拒绝。这是因为一个 GiST 索引对于多边形包含测试是 <SPAN
CLASS="QUOTE"
>"有损的"</SPAN
>：它确实返回覆盖目标的多边形的行，然后我们必须在那些行上做精确的包含性测试。
   </P
><P
>    <TT
CLASS="COMMAND"
>EXPLAIN</TT
>有一个<TT
CLASS="LITERAL"
>BUFFERS</TT
>选项可以和<TT
CLASS="LITERAL"
>ANALYZE</TT
>一起使用来得到更多运行时统计信息：

</P><PRE
CLASS="SCREEN"
>EXPLAIN (ANALYZE, BUFFERS) SELECT * FROM tenk1 WHERE unique1 &lt; 100 AND unique2 &gt; 9000;

                                                           QUERY PLAN
---------------------------------------------------------------------------------------------------------------------------------
 Bitmap Heap Scan on tenk1  (cost=25.08..60.21 rows=10 width=244) (actual time=0.323..0.342 rows=10 loops=1)
   Recheck Cond: ((unique1 &lt; 100) AND (unique2 &gt; 9000))
   Buffers: shared hit=15
   -&gt;  BitmapAnd  (cost=25.08..25.08 rows=10 width=0) (actual time=0.309..0.309 rows=0 loops=1)
         Buffers: shared hit=7
         -&gt;  Bitmap Index Scan on tenk1_unique1  (cost=0.00..5.04 rows=101 width=0) (actual time=0.043..0.043 rows=100 loops=1)
               Index Cond: (unique1 &lt; 100)
               Buffers: shared hit=2
         -&gt;  Bitmap Index Scan on tenk1_unique2  (cost=0.00..19.78 rows=999 width=0) (actual time=0.227..0.227 rows=999 loops=1)
               Index Cond: (unique2 &gt; 9000)
               Buffers: shared hit=5
 Planning time: 0.088 ms
 Execution time: 0.423 ms</PRE
><P>

    <TT
CLASS="LITERAL"
>BUFFERS</TT
>提供的数字帮助我们标识查询的哪些部分是对 I/O 最敏感的。
   </P
><P
>    记住因为<TT
CLASS="COMMAND"
>EXPLAIN ANALYZE</TT
>实际运行查询，任何副作用都将照常发生，即使查询可能输出的任何结果被丢弃来支持打印<TT
CLASS="COMMAND"
>EXPLAIN</TT
>数据。如果你想要分析一个数据修改查询而不想改变你的表，你可以在分析完后回滚命令，例如：

</P><PRE
CLASS="SCREEN"
>BEGIN;

EXPLAIN ANALYZE UPDATE tenk1 SET hundred = hundred + 1 WHERE unique1 &lt; 100;

                                                           QUERY PLAN
--------------------------------------------------------------------------------------------------------------------------------
 Update on tenk1  (cost=5.07..229.46 rows=101 width=250) (actual time=14.628..14.628 rows=0 loops=1)
   -&gt;  Bitmap Heap Scan on tenk1  (cost=5.07..229.46 rows=101 width=250) (actual time=0.101..0.439 rows=100 loops=1)
         Recheck Cond: (unique1 &lt; 100)
         -&gt;  Bitmap Index Scan on tenk1_unique1  (cost=0.00..5.04 rows=101 width=0) (actual time=0.043..0.043 rows=100 loops=1)
               Index Cond: (unique1 &lt; 100)
 Planning time: 0.079 ms
 Execution time: 14.727 ms

ROLLBACK;</PRE
><P>
   </P
><P
>    正如在这个例子中所看到的，当查询是一个<TT
CLASS="COMMAND"
>INSERT</TT
>、<TT
CLASS="COMMAND"
>UPDATE</TT
>或<TT
CLASS="COMMAND"
>DELETE</TT
>命令时，应用表更改的实际工作由顶层插入、更新或删除计划结点完成。这个结点之下的计划结点执行定位旧行以及/或者计算新数据的工作。因此在上面，我们看到我们已经见过的位图表扫描，它的输出被交给一个更新结点，更新结点会存储被更新过的行。还有一点值得注意的是，尽管数据修改结点可能要可观的运行时间（这里，它消耗最大份额的时间），规划器当前并没有对开销估计增加任何东西来说明这些工作。这是因为这些工作对每一个正确的查询计划都得做，所以它不影响计划的选择。
   </P
><P
>    当一个<TT
CLASS="COMMAND"
>UPDATE</TT
>或者<TT
CLASS="COMMAND"
>DELETE</TT
>命令影响继承层次时，
    输出可能像这样：

</P><PRE
CLASS="SCREEN"
>EXPLAIN UPDATE parent SET f2 = f2 + 1 WHERE f1 = 101;
                                    QUERY PLAN
-----------------------------------------------------------------------------------
 Update on parent  (cost=0.00..24.53 rows=4 width=14)
   Update on parent
   Update on child1
   Update on child2
   Update on child3
   -&gt;  Seq Scan on parent  (cost=0.00..0.00 rows=1 width=14)
         Filter: (f1 = 101)
   -&gt;  Index Scan using child1_f1_key on child1  (cost=0.15..8.17 rows=1 width=14)
         Index Cond: (f1 = 101)
   -&gt;  Index Scan using child2_f1_key on child2  (cost=0.15..8.17 rows=1 width=14)
         Index Cond: (f1 = 101)
   -&gt;  Index Scan using child3_f1_key on child3  (cost=0.15..8.17 rows=1 width=14)
         Index Cond: (f1 = 101)</PRE
><P>

    在这个例子中，更新节点需要考虑三个子表以及最初提到的父表。因此有四个输入
    的扫描子计划，每一个对应于一个表。为清楚起见，在更新节点上标注了将被更新
    的相关目标表，显示的顺序与相应的子计划相同（这些标注是从
    <SPAN
CLASS="PRODUCTNAME"
>PostgreSQL</SPAN
> 9.5 开始新增的，在以前的版本中读者必须通过
    观察子计划才能知道这些目标表）。
   </P
><P
>    <TT
CLASS="COMMAND"
>EXPLAIN ANALYZE</TT
>显示的
    <TT
CLASS="LITERAL"
>Planning time</TT
>是从一个已解析的查询生成查询计划并进行优化
    所花费的时间，其中不包括解析和重写。
   </P
><P
>    <TT
CLASS="COMMAND"
>EXPLAIN ANALYZE</TT
>显示的<TT
CLASS="LITERAL"
>Execution time</TT
>包括执行器的启动和关闭时间，以及运行被触发的任何触发器的时间，但是它不包括解析、重写或规划的时间。如果有花在执行<TT
CLASS="LITERAL"
>BEFORE</TT
>执行器的时间，它将被包括在相关的插入、更新或删除结点的时间内；但是用来执行<TT
CLASS="LITERAL"
>AFTER</TT
> 触发器的时间没有被计算，因为<TT
CLASS="LITERAL"
>AFTER</TT
>触发器是在整个计划完成后被触发的。在每个触发器（<TT
CLASS="LITERAL"
>BEFORE</TT
>或<TT
CLASS="LITERAL"
>AFTER</TT
>）也被独立地显示。注意延迟约束触发器将不会被执行，直到事务结束，并且因此根本不会被<TT
CLASS="COMMAND"
>EXPLAIN ANALYZE</TT
>考虑。
   </P
></DIV
><DIV
CLASS="SECT2"
><H2
CLASS="SECT2"
><A
NAME="USING-EXPLAIN-CAVEATS"
>14.1.3. 警告</A
></H2
><P
>    在两种有效的方法中<TT
CLASS="COMMAND"
>EXPLAIN ANALYZE</TT
>所度量的运行时间可能偏离同一个查询的正常执行。首先，由于不会有输出行被递交给客户端，网络传输开销和 I/O 转换开销没有被包括在内。其次，由<TT
CLASS="COMMAND"
>EXPLAIN ANALYZE</TT
>所增加的度量符合可能会很可观，特别是在那些<CODE
CLASS="FUNCTION"
>gettimeofday()</CODE
>操作系统调用很慢的机器上。你可以使用<A
HREF="pgtesttiming.html"
><SPAN
CLASS="APPLICATION"
>pg_test_timing</SPAN
></A
>工具来度量在你的系统上的计时开销。
   </P
><P
>    <TT
CLASS="COMMAND"
>EXPLAIN</TT
>结果不应该被外推到与你实际测试的非常不同的情况。例如，一个很小的表上的结果不能被假定成适合大型表。规划器的开销估计不是线性的，并且因此它可能为一个更大或更小的表选择一个不同的计划。一个极端例子是，在一个只占据一个磁盘页面的表上，你将几乎总是得到一个顺序扫描计划，而不管索引是否可用。规划器认识到它在任何情况下都将采用一次磁盘页面读取来处理该表，因此用额外的页面读取去查看一个索引是没有价值的（我们已经在前面的<TT
CLASS="LITERAL"
>polygon_tbl</TT
>例子中见过）。
   </P
><P
>    在一些情况中，实际的值和估计的值不会匹配得很好，但是这并非错误。一种这样的情况发生在计划结点的执行被<TT
CLASS="LITERAL"
>LIMIT</TT
>或类似的效果很快停止。例如，在我们之前用过的<TT
CLASS="LITERAL"
>LIMIT</TT
>查询中：

</P><PRE
CLASS="SCREEN"
>EXPLAIN ANALYZE SELECT * FROM tenk1 WHERE unique1 &lt; 100 AND unique2 &gt; 9000 LIMIT 2;

                                                          QUERY PLAN
-------------------------------------------------------------------------------------------------------------------------------
 Limit  (cost=0.29..14.71 rows=2 width=244) (actual time=0.177..0.249 rows=2 loops=1)
   -&gt;  Index Scan using tenk1_unique2 on tenk1  (cost=0.29..72.42 rows=10 width=244) (actual time=0.174..0.244 rows=2 loops=1)
         Index Cond: (unique2 &gt; 9000)
         Filter: (unique1 &lt; 100)
         Rows Removed by Filter: 287
 Planning time: 0.096 ms
 Execution time: 0.336 ms</PRE
><P>

    索引扫描结点的估计开销和行计数被显示成好像它会运行到完成。但是实际上限制结点在得到两个行之后就停止请求行，因此实际的行计数只有 2 并且运行时间远低于开销估计所建议的时间。这并非估计错误，这仅仅一种估计值和实际值显示方式上的不同。
   </P
><P
>    归并连接也有类似的现象。如果一个归并连接用尽了一个输入并且其中的最后一个键值小于另一个输入中的下一个键值，它将停止读取另一个输入。在这种情况下，不会有更多的匹配并且因此不需要扫描第二个输入的剩余部分。这会导致不读取一个子结点的所有内容，其结果就像在<TT
CLASS="LITERAL"
>LIMIT</TT
>中所提到的。另外，如果 outer （第一个）子结点包含带有重复键值的行，inner（第二个）子结点会被倒退并且被重新扫描来找能匹配那个键值的行。<TT
CLASS="COMMAND"
>EXPLAIN ANALYZE</TT
>会统计相同 inner 行的重复发出，就好像它们是真实的额外行。当有很多 outer 重复时，对 inner 子计划结点所报告的实际行计数会显著地大于实际在 inner 关系中的行数。
   </P
><P
>    由于实现的限制，BitmapAnd 和 BitmapOr 结点总是报告它们的实际行计数为零。
   </P
></DIV
></DIV
><DIV
CLASS="NAVFOOTER"
><HR
ALIGN="LEFT"
WIDTH="100%"><TABLE
SUMMARY="Footer navigation table"
WIDTH="100%"
BORDER="0"
CELLPADDING="0"
CELLSPACING="0"
><TR
><TD
WIDTH="33%"
ALIGN="left"
VALIGN="top"
><A
HREF="performance-tips.html"
ACCESSKEY="P"
>&#19978;&#19968;&#39029;</A
></TD
><TD
WIDTH="34%"
ALIGN="center"
VALIGN="top"
><A
HREF="index.html"
ACCESSKEY="H"
>&#36215;&#22987;&#39029;</A
></TD
><TD
WIDTH="33%"
ALIGN="right"
VALIGN="top"
><A
HREF="planner-stats.html"
ACCESSKEY="N"
>&#19979;&#19968;&#39029;</A
></TD
></TR
><TR
><TD
WIDTH="33%"
ALIGN="left"
VALIGN="top"
>性能提示</TD
><TD
WIDTH="34%"
ALIGN="center"
VALIGN="top"
><A
HREF="performance-tips.html"
ACCESSKEY="U"
>&#19978;&#19968;&#32423;</A
></TD
><TD
WIDTH="33%"
ALIGN="right"
VALIGN="top"
>规划器使用的统计信息</TD
></TR
></TABLE
></DIV
></BODY
></HTML
>
